
* Started at 2023-12-30T13:55:18.015924941Z

* Settings
Project dir: /home/REDACTED/projects/IntegraBoost/new/toolset/jvm
Output dir: /home/REDACTED/projects/IntegraBoost/new/toolset/jvm/./gradle-profiler/results/1703944517
Profiler: none
Benchmark: true
Versions: []
Gradle User Home: /home/REDACTED/projects/IntegraBoost/new/toolset/jvm/./gradle-profiler/gradle-user-home
Targets: [performance_both]
Builds: 100

* Inspecting the build using its default Gradle version
> Task :build-logic:plugins:generateExternalPluginSpecBuilders
> Task :build-logic:plugins:extractPrecompiledScriptPluginPlugins
> Task :build-logic:plugins:compilePluginsBlocks
> Task :build-logic:plugins:generatePrecompiledScriptPluginAccessors
> Task :build-logic:plugins:generateScriptPluginAdapters
> Task :build-logic:plugins:pluginDescriptors
> Task :build-logic:plugins:processResources
> Task :build-logic:plugins:compileKotlin
> Task :build-logic:plugins:compileJava NO-SOURCE
> Task :build-logic:plugins:classes
> Task :build-logic:plugins:jar

> Task :help

Welcome to Gradle 8.4.

To run a build, run gradle <task> ...

To see a list of available tasks, run gradle tasks

To see more detail about a task, run gradle help --task <task>

To see a list of command-line options, run gradle --help

For more detail on using Gradle, see https://docs.gradle.org/8.4/userguide/command_line_interface.html

For troubleshooting, visit https://help.gradle.org

BUILD SUCCESSFUL in 17s
10 actionable tasks: 10 executed

* Stopping daemons
Running command /home/REDACTED/projects/IntegraBoost/new/toolset/jvm/gradle-profiler/gradle-user-home/wrapper/dists/gradle-8.4-bin/1w5dpkrfk8irigvoxmyhowfim/gradle-8.4/bin/gradle --stop --gradle-user-home /home/REDACTED/projects/IntegraBoost/new/toolset/jvm/./gradle-profiler/gradle-user-home
Stopping Daemon(s)
1 Daemon stopped

* Scenarios
Scenario: Performance regression test using Gradle 8.4
  Gradle 8.4 (/home/REDACTED/projects/IntegraBoost/new/toolset/jvm/gradle-profiler/gradle-user-home/wrapper/dists/gradle-8.4-bin/1w5dpkrfk8irigvoxmyhowfim/gradle-8.4)
  Run using: Tooling API
  Run: run tasks buildAll cleanAll
  Cleanup: do nothing
  Gradle args: []
  Jvm args: [-Xms256m, -XX:MaxMetaspaceSize=512m, -Xmx2g, -XX:+UseStringCache, -XX:+UseCompressedStrings, -XX:+OptimizeStringConcat, XX:+UseStringDeduplication, -XX:+UseLWPSynchronization, -server]
  Measured build operations: SnapshotTaskInputsBuildOperationType
  Build changes: []
  Warm-ups: 10
  Builds: 100

* Running scenario Performance regression test using Gradle 8.4 (scenario 1/1)

* Stopping daemons
Running command /home/REDACTED/projects/IntegraBoost/new/toolset/jvm/gradle-profiler/gradle-user-home/wrapper/dists/gradle-8.4-bin/1w5dpkrfk8irigvoxmyhowfim/gradle-8.4/bin/gradle --stop --gradle-user-home /home/REDACTED/projects/IntegraBoost/new/toolset/jvm/./gradle-profiler/gradle-user-home
No Gradle daemons are running.

* Build details
Gradle version: Gradle 8.4
Java home: /home/REDACTED/.sdkman/candidates/java/17.0.9-jbr
OS: linux amd64 5.15.0-91-generic
JVM args:
  --add-opens=java.base/java.util=ALL-UNNAMED
  --add-opens=java.base/java.lang=ALL-UNNAMED
  --add-opens=java.base/java.lang.invoke=ALL-UNNAMED
  --add-opens=java.prefs/java.util.prefs=ALL-UNNAMED
  --add-opens=java.base/java.nio.charset=ALL-UNNAMED
  --add-opens=java.base/java.net=ALL-UNNAMED
  --add-opens=java.base/java.util.concurrent.atomic=ALL-UNNAMED
  -XX:MaxMetaspaceSize=384m
  -XX:+HeapDumpOnOutOfMemoryError
  -Xms256m
  -Xmx512m
  -Dfile.encoding=UTF-8
  -Duser.country=AU
  -Duser.language=en
  -Duser.variant
  -Xms256m
  -XX:MaxMetaspaceSize=512m
  -Xmx2g
  -XX:+UseStringCache
  -XX:+UseCompressedStrings
  -XX:+OptimizeStringConcat
  XX:+UseStringDeduplication
  -XX:+UseLWPSynchronization
  -server
  -Dorg.gradle.profiler.scenario=performance_both
Gradle args:
  --gradle-user-home
  /home/REDACTED/projects/IntegraBoost/new/toolset/jvm/./gradle-profiler/gradle-user-home
  -I
  /tmp/gradleProfiler8659683891664466319.gradle
  -I
  /tmp/gradleProfiler8971868255512475949.gradle

* Running warm-up build #1

ERROR: failed to run build. See log file for details.


* Stopping daemons
Running command /home/REDACTED/projects/IntegraBoost/new/toolset/jvm/gradle-profiler/gradle-user-home/wrapper/dists/gradle-8.4-bin/1w5dpkrfk8irigvoxmyhowfim/gradle-8.4/bin/gradle --stop --gradle-user-home /home/REDACTED/projects/IntegraBoost/new/toolset/jvm/./gradle-profiler/gradle-user-home
No Gradle daemons are running.
org.gradle.tooling.GradleConnectionException: Could not execute build using connection to Gradle installation '/home/REDACTED/projects/IntegraBoost/new/toolset/jvm/gradle-profiler/gradle-user-home/wrapper/dists/gradle-8.4-bin/1w5dpkrfk8irigvoxmyhowfim/gradle-8.4'.
	at org.gradle.tooling.internal.consumer.ExceptionTransformer.transform(ExceptionTransformer.java:55)
	at org.gradle.tooling.internal.consumer.ExceptionTransformer.transform(ExceptionTransformer.java:29)
	at org.gradle.tooling.internal.consumer.ResultHandlerAdapter.onFailure(ResultHandlerAdapter.java:43)
	at org.gradle.tooling.internal.consumer.async.DefaultAsyncConsumerActionExecutor$1$1.run(DefaultAsyncConsumerActionExecutor.java:69)
	at org.gradle.internal.concurrent.ExecutorPolicy$CatchAndRecordFailures.onExecute(ExecutorPolicy.java:64)
	at org.gradle.internal.concurrent.ManagedExecutorImpl$1.run(ManagedExecutorImpl.java:48)
	at java.base/java.util.concurrent.ThreadPoolExecutor.runWorker(ThreadPoolExecutor.java:1136)
	at java.base/java.util.concurrent.ThreadPoolExecutor$Worker.run(ThreadPoolExecutor.java:635)
	at org.gradle.internal.concurrent.ThreadFactoryImpl$ManagedThreadRunnable.run(ThreadFactoryImpl.java:61)
	at java.base/java.lang.Thread.run(Thread.java:840)
	at org.gradle.tooling.internal.consumer.BlockingResultHandler.getResult(BlockingResultHandler.java:46)
	at org.gradle.tooling.internal.consumer.DefaultBuildLauncher.run(DefaultBuildLauncher.java:83)
	at org.gradle.profiler.gradle.ToolingApiGradleClient.lambda$runTasks$0(ToolingApiGradleClient.java:53)
	at org.gradle.profiler.gradle.ToolingApiGradleClient.run(ToolingApiGradleClient.java:31)
	at org.gradle.profiler.gradle.ToolingApiGradleClient.runOperation(ToolingApiGradleClient.java:44)
	at org.gradle.profiler.gradle.ToolingApiGradleClient.runTasks(ToolingApiGradleClient.java:49)
	at org.gradle.profiler.gradle.RunTasksAction.run(RunTasksAction.java:36)
	at org.gradle.profiler.gradle.GradleInvokerBuildAction.run(GradleInvokerBuildAction.java:14)
	at org.gradle.profiler.gradle.BuildUnderTestInvoker$InvokeAndMeasureAction.run(BuildUnderTestInvoker.java:71)
	at org.gradle.profiler.gradle.BuildUnderTestInvoker$InvokeAndMeasureAction.run(BuildUnderTestInvoker.java:51)
	at org.gradle.profiler.RunBuildStepAction.run(RunBuildStepAction.java:29)
	at org.gradle.profiler.ScenarioInvoker.runMeasured(ScenarioInvoker.java:28)
	at org.gradle.profiler.gradle.GradleScenarioInvoker.run(GradleScenarioInvoker.java:121)
	at org.gradle.profiler.gradle.GradleScenarioInvoker.run(GradleScenarioInvoker.java:23)
	at org.gradle.profiler.Main.invoke(Main.java:140)
	at org.gradle.profiler.Main.run(Main.java:100)
	at org.gradle.profiler.Main.main(Main.java:37)
Caused by: org.gradle.api.GradleException: Unable to start the daemon process.
This problem might be caused by incorrect configuration of the daemon.
For example, an unrecognized jvm option is used.For more details on the daemon, please refer to https://docs.gradle.org/8.4/userguide/gradle_daemon.html in the Gradle documentation.
Process command line: /home/REDACTED/.sdkman/candidates/java/17.0.9-jbr/bin/java --add-opens=java.base/java.util=ALL-UNNAMED --add-opens=java.base/java.lang=ALL-UNNAMED --add-opens=java.base/java.lang.invoke=ALL-UNNAMED --add-opens=java.prefs/java.util.prefs=ALL-UNNAMED --add-opens=java.base/java.nio.charset=ALL-UNNAMED --add-opens=java.base/java.net=ALL-UNNAMED --add-opens=java.base/java.util.concurrent.atomic=ALL-UNNAMED -XX:MaxMetaspaceSize=384m -XX:+HeapDumpOnOutOfMemoryError -XX:MaxMetaspaceSize=512m -XX:+UseStringCache -XX:+UseCompressedStrings -XX:+OptimizeStringConcat XX:+UseStringDeduplication -XX:+UseLWPSynchronization -server --add-opens=java.base/java.util=ALL-UNNAMED --add-opens=java.base/java.lang=ALL-UNNAMED --add-opens=java.base/java.lang.invoke=ALL-UNNAMED --add-opens=java.prefs/java.util.prefs=ALL-UNNAMED --add-opens=java.base/java.nio.charset=ALL-UNNAMED --add-opens=java.base/java.net=ALL-UNNAMED --add-opens=java.base/java.util.concurrent.atomic=ALL-UNNAMED -Xms256m -Xmx2g -Dfile.encoding=UTF-8 -Duser.country=AU -Duser.language=en -Duser.variant -cp /home/REDACTED/projects/IntegraBoost/new/toolset/jvm/gradle-profiler/gradle-user-home/wrapper/dists/gradle-8.4-bin/1w5dpkrfk8irigvoxmyhowfim/gradle-8.4/lib/gradle-launcher-8.4.jar -javaagent:/home/REDACTED/projects/IntegraBoost/new/toolset/jvm/gradle-profiler/gradle-user-home/wrapper/dists/gradle-8.4-bin/1w5dpkrfk8irigvoxmyhowfim/gradle-8.4/lib/agents/gradle-instrumentation-agent-8.4.jar org.gradle.launcher.daemon.bootstrap.GradleDaemon 8.4
Please read the following process output to find out more:
-----------------------
Error: Could not find or load main class XX:+UseStringDeduplication
Caused by: java.lang.ClassNotFoundException: XX:+UseStringDeduplication

	at org.gradle.launcher.daemon.client.DaemonGreeter.parseDaemonOutput(DaemonGreeter.java:38)
	at org.gradle.launcher.daemon.client.DefaultDaemonStarter.startProcess(DefaultDaemonStarter.java:195)
	at org.gradle.launcher.daemon.client.DefaultDaemonStarter.startDaemon(DefaultDaemonStarter.java:151)
	at org.gradle.launcher.daemon.client.DefaultDaemonConnector.doStartDaemon(DefaultDaemonConnector.java:222)
	at org.gradle.launcher.daemon.client.DefaultDaemonConnector.startDaemon(DefaultDaemonConnector.java:216)
	at org.gradle.launcher.daemon.client.DaemonClient.execute(DaemonClient.java:163)
	at org.gradle.launcher.daemon.client.DaemonClient.execute(DaemonClient.java:98)
	at org.gradle.tooling.internal.provider.DaemonBuildActionExecuter.execute(DaemonBuildActionExecuter.java:44)
	at org.gradle.tooling.internal.provider.DaemonBuildActionExecuter.execute(DaemonBuildActionExecuter.java:30)
	at org.gradle.tooling.internal.provider.LoggingBridgingBuildActionExecuter.execute(LoggingBridgingBuildActionExecuter.java:56)
	at org.gradle.tooling.internal.provider.LoggingBridgingBuildActionExecuter.execute(LoggingBridgingBuildActionExecuter.java:37)
	at org.gradle.tooling.internal.provider.ProviderConnection.run(ProviderConnection.java:230)
	at org.gradle.tooling.internal.provider.ProviderConnection.run(ProviderConnection.java:152)
	at org.gradle.tooling.internal.provider.DefaultConnection.getModel(DefaultConnection.java:149)
	at org.gradle.tooling.internal.consumer.connection.CancellableModelBuilderBackedModelProducer.produceModel(CancellableModelBuilderBackedModelProducer.java:54)
	at org.gradle.tooling.internal.consumer.connection.PluginClasspathInjectionSupportedCheckModelProducer.produceModel(PluginClasspathInjectionSupportedCheckModelProducer.java:38)
	at org.gradle.tooling.internal.consumer.connection.AbstractConsumerConnection.run(AbstractConsumerConnection.java:64)
	at org.gradle.tooling.internal.consumer.connection.ParameterValidatingConsumerConnection.run(ParameterValidatingConsumerConnection.java:49)
	at org.gradle.tooling.internal.consumer.DefaultBuildLauncher$1.run(DefaultBuildLauncher.java:97)
	at org.gradle.tooling.internal.consumer.DefaultBuildLauncher$1.run(DefaultBuildLauncher.java:89)
	at org.gradle.tooling.internal.consumer.connection.LazyConsumerActionExecutor.run(LazyConsumerActionExecutor.java:143)
	at org.gradle.tooling.internal.consumer.connection.CancellableConsumerActionExecutor.run(CancellableConsumerActionExecutor.java:45)
	at org.gradle.tooling.internal.consumer.connection.ProgressLoggingConsumerActionExecutor.run(ProgressLoggingConsumerActionExecutor.java:61)
	at org.gradle.tooling.internal.consumer.connection.RethrowingErrorsConsumerActionExecutor.run(RethrowingErrorsConsumerActionExecutor.java:38)
	at org.gradle.tooling.internal.consumer.async.DefaultAsyncConsumerActionExecutor$1$1.run(DefaultAsyncConsumerActionExecutor.java:67)
	at org.gradle.internal.concurrent.ExecutorPolicy$CatchAndRecordFailures.onExecute(ExecutorPolicy.java:64)
	at org.gradle.internal.concurrent.ManagedExecutorImpl$1.run(ManagedExecutorImpl.java:48)
	at java.base/java.util.concurrent.ThreadPoolExecutor.runWorker(ThreadPoolExecutor.java:1136)
	at java.base/java.util.concurrent.ThreadPoolExecutor$Worker.run(ThreadPoolExecutor.java:635)
	at org.gradle.internal.concurrent.ThreadFactoryImpl$ManagedThreadRunnable.run(ThreadFactoryImpl.java:61)
	at java.base/java.lang.Thread.run(Thread.java:840)

* Results written to /home/REDACTED/projects/IntegraBoost/new/toolset/jvm/./gradle-profiler/results/1703944517
  /home/REDACTED/projects/IntegraBoost/new/toolset/jvm/./gradle-profiler/results/1703944517/benchmark.csv
  /home/REDACTED/projects/IntegraBoost/new/toolset/jvm/./gradle-profiler/results/1703944517/benchmark.html

