
* Started at 2023-12-30T14:08:45.849241899Z

* Settings
Project dir: /home/REDACTED/projects/IntegraBoost/new/toolset/jvm
Output dir: /home/REDACTED/projects/IntegraBoost/new/toolset/jvm/./gradle-profiler/results/1703945325
Profiler: none
Benchmark: true
Versions: []
Gradle User Home: /home/REDACTED/projects/IntegraBoost/new/toolset/jvm/./gradle-profiler/gradle-user-home
Targets: [performance_both]
Builds: 100

* Inspecting the build using its default Gradle version
> Task :build-logic:plugins:generateExternalPluginSpecBuilders UP-TO-DATE
> Task :build-logic:plugins:extractPrecompiledScriptPluginPlugins UP-TO-DATE
> Task :build-logic:plugins:compilePluginsBlocks UP-TO-DATE
> Task :build-logic:plugins:generatePrecompiledScriptPluginAccessors UP-TO-DATE
> Task :build-logic:plugins:generateScriptPluginAdapters UP-TO-DATE
> Task :build-logic:plugins:pluginDescriptors UP-TO-DATE
> Task :build-logic:plugins:processResources UP-TO-DATE
> Task :build-logic:plugins:compileKotlin
> Task :build-logic:plugins:compileJava NO-SOURCE
> Task :build-logic:plugins:classes UP-TO-DATE
> Task :build-logic:plugins:jar

> Task :help

Welcome to Gradle 8.4.

To run a build, run gradle <task> ...

To see a list of available tasks, run gradle tasks

To see more detail about a task, run gradle help --task <task>

To see a list of command-line options, run gradle --help

For more detail on using Gradle, see https://docs.gradle.org/8.4/userguide/command_line_interface.html

For troubleshooting, visit https://help.gradle.org

BUILD SUCCESSFUL in 7s
10 actionable tasks: 3 executed, 7 up-to-date

* Stopping daemons
Running command /home/REDACTED/projects/IntegraBoost/new/toolset/jvm/gradle-profiler/gradle-user-home/wrapper/dists/gradle-8.4-bin/1w5dpkrfk8irigvoxmyhowfim/gradle-8.4/bin/gradle --stop --gradle-user-home /home/REDACTED/projects/IntegraBoost/new/toolset/jvm/./gradle-profiler/gradle-user-home
Stopping Daemon(s)
2 Daemons stopped

* Scenarios
Scenario: Performance regression test using Gradle 8.4
  Gradle 8.4 (/home/REDACTED/projects/IntegraBoost/new/toolset/jvm/gradle-profiler/gradle-user-home/wrapper/dists/gradle-8.4-bin/1w5dpkrfk8irigvoxmyhowfim/gradle-8.4)
  Run using: Tooling API
  Run: run tasks buildAll cleanAll
  Cleanup: do nothing
  Gradle args: [-XX:MaxPermSize=128m  -XX:MaxNewSize=256m -Xms768m -Xmx768m -XX:SurvivorRatio=128 -XX:MaxTenuringThreshold=0]
  Measured build operations: SnapshotTaskInputsBuildOperationType
  Build changes: []
  Warm-ups: 10
  Builds: 100

* Running scenario Performance regression test using Gradle 8.4 (scenario 1/1)

* Stopping daemons
Running command /home/REDACTED/projects/IntegraBoost/new/toolset/jvm/gradle-profiler/gradle-user-home/wrapper/dists/gradle-8.4-bin/1w5dpkrfk8irigvoxmyhowfim/gradle-8.4/bin/gradle --stop --gradle-user-home /home/REDACTED/projects/IntegraBoost/new/toolset/jvm/./gradle-profiler/gradle-user-home
No Gradle daemons are running.

* Build details
Gradle version: Gradle 8.4
Java home: /home/REDACTED/.sdkman/candidates/java/17.0.9-jbr
OS: linux amd64 5.15.0-91-generic
JVM args:
  --add-opens=java.base/java.util=ALL-UNNAMED
  --add-opens=java.base/java.lang=ALL-UNNAMED
  --add-opens=java.base/java.lang.invoke=ALL-UNNAMED
  --add-opens=java.prefs/java.util.prefs=ALL-UNNAMED
  --add-opens=java.base/java.nio.charset=ALL-UNNAMED
  --add-opens=java.base/java.net=ALL-UNNAMED
  --add-opens=java.base/java.util.concurrent.atomic=ALL-UNNAMED
  -XX:MaxMetaspaceSize=384m
  -XX:+HeapDumpOnOutOfMemoryError
  -Xms256m
  -Xmx512m
  -Dfile.encoding=UTF-8
  -Duser.country=AU
  -Duser.language=en
  -Duser.variant
  -Dorg.gradle.profiler.scenario=performance_both
Gradle args:
  --gradle-user-home
  /home/REDACTED/projects/IntegraBoost/new/toolset/jvm/./gradle-profiler/gradle-user-home
  -XX:MaxPermSize=128m  -XX:MaxNewSize=256m -Xms768m -Xmx768m -XX:SurvivorRatio=128 -XX:MaxTenuringThreshold=0
  -I
  /tmp/gradleProfiler16413010242883560047.gradle
  -I
  /tmp/gradleProfiler2230762627150265741.gradle

* Running warm-up build #1

ERROR: failed to run build. See log file for details.


* Stopping daemons
Running command /home/REDACTED/projects/IntegraBoost/new/toolset/jvm/gradle-profiler/gradle-user-home/wrapper/dists/gradle-8.4-bin/1w5dpkrfk8irigvoxmyhowfim/gradle-8.4/bin/gradle --stop --gradle-user-home /home/REDACTED/projects/IntegraBoost/new/toolset/jvm/./gradle-profiler/gradle-user-home
No Gradle daemons are running.
org.gradle.tooling.exceptions.UnsupportedBuildArgumentException: Could not execute build using connection to Gradle installation '/home/REDACTED/projects/IntegraBoost/new/toolset/jvm/gradle-profiler/gradle-user-home/wrapper/dists/gradle-8.4-bin/1w5dpkrfk8irigvoxmyhowfim/gradle-8.4'.
Problem with provided build arguments: [--gradle-user-home, /home/REDACTED/projects/IntegraBoost/new/toolset/jvm/./gradle-profiler/gradle-user-home, -XX:MaxPermSize=128m  -XX:MaxNewSize=256m -Xms768m -Xmx768m -XX:SurvivorRatio=128 -XX:MaxTenuringThreshold=0, -I, /tmp/gradleProfiler16413010242883560047.gradle, -I, /tmp/gradleProfiler2230762627150265741.gradle].
Unknown command-line option '-X'.
Either it is not a valid build option or it is not supported in the target Gradle version.
Not all of the Gradle command line options are supported build arguments.
Examples of supported build arguments: '--info', '-p'.
Examples of unsupported build options: '--daemon', '-?', '-v'.
Please find more information in the javadoc for the BuildLauncher class.
	at org.gradle.tooling.internal.consumer.ExceptionTransformer.transform(ExceptionTransformer.java:40)
	at org.gradle.tooling.internal.consumer.ExceptionTransformer.transform(ExceptionTransformer.java:29)
	at org.gradle.tooling.internal.consumer.ResultHandlerAdapter.onFailure(ResultHandlerAdapter.java:43)
	at org.gradle.tooling.internal.consumer.async.DefaultAsyncConsumerActionExecutor$1$1.run(DefaultAsyncConsumerActionExecutor.java:69)
	at org.gradle.internal.concurrent.ExecutorPolicy$CatchAndRecordFailures.onExecute(ExecutorPolicy.java:64)
	at org.gradle.internal.concurrent.ManagedExecutorImpl$1.run(ManagedExecutorImpl.java:48)
	at java.base/java.util.concurrent.ThreadPoolExecutor.runWorker(ThreadPoolExecutor.java:1136)
	at java.base/java.util.concurrent.ThreadPoolExecutor$Worker.run(ThreadPoolExecutor.java:635)
	at org.gradle.internal.concurrent.ThreadFactoryImpl$ManagedThreadRunnable.run(ThreadFactoryImpl.java:61)
	at java.base/java.lang.Thread.run(Thread.java:840)
	at org.gradle.tooling.internal.consumer.BlockingResultHandler.getResult(BlockingResultHandler.java:46)
	at org.gradle.tooling.internal.consumer.DefaultBuildLauncher.run(DefaultBuildLauncher.java:83)
	at org.gradle.profiler.gradle.ToolingApiGradleClient.lambda$runTasks$0(ToolingApiGradleClient.java:53)
	at org.gradle.profiler.gradle.ToolingApiGradleClient.run(ToolingApiGradleClient.java:31)
	at org.gradle.profiler.gradle.ToolingApiGradleClient.runOperation(ToolingApiGradleClient.java:44)
	at org.gradle.profiler.gradle.ToolingApiGradleClient.runTasks(ToolingApiGradleClient.java:49)
	at org.gradle.profiler.gradle.RunTasksAction.run(RunTasksAction.java:36)
	at org.gradle.profiler.gradle.GradleInvokerBuildAction.run(GradleInvokerBuildAction.java:14)
	at org.gradle.profiler.gradle.BuildUnderTestInvoker$InvokeAndMeasureAction.run(BuildUnderTestInvoker.java:71)
	at org.gradle.profiler.gradle.BuildUnderTestInvoker$InvokeAndMeasureAction.run(BuildUnderTestInvoker.java:51)
	at org.gradle.profiler.RunBuildStepAction.run(RunBuildStepAction.java:29)
	at org.gradle.profiler.ScenarioInvoker.runMeasured(ScenarioInvoker.java:28)
	at org.gradle.profiler.gradle.GradleScenarioInvoker.run(GradleScenarioInvoker.java:121)
	at org.gradle.profiler.gradle.GradleScenarioInvoker.run(GradleScenarioInvoker.java:23)
	at org.gradle.profiler.Main.invoke(Main.java:140)
	at org.gradle.profiler.Main.run(Main.java:100)
	at org.gradle.profiler.Main.main(Main.java:37)
Caused by: org.gradle.tooling.internal.protocol.exceptions.InternalUnsupportedBuildArgumentException: Problem with provided build arguments: [--gradle-user-home, /home/REDACTED/projects/IntegraBoost/new/toolset/jvm/./gradle-profiler/gradle-user-home, -XX:MaxPermSize=128m  -XX:MaxNewSize=256m -Xms768m -Xmx768m -XX:SurvivorRatio=128 -XX:MaxTenuringThreshold=0, -I, /tmp/gradleProfiler16413010242883560047.gradle, -I, /tmp/gradleProfiler2230762627150265741.gradle].
Unknown command-line option '-X'.
Either it is not a valid build option or it is not supported in the target Gradle version.
Not all of the Gradle command line options are supported build arguments.
Examples of supported build arguments: '--info', '-p'.
Examples of unsupported build options: '--daemon', '-?', '-v'.
Please find more information in the javadoc for the BuildLauncher class.
	at org.gradle.tooling.internal.provider.ProviderStartParameterConverter.toStartParameter(ProviderStartParameterConverter.java:81)
	at org.gradle.tooling.internal.provider.ProviderConnection.run(ProviderConnection.java:149)
	at org.gradle.tooling.internal.provider.DefaultConnection.getModel(DefaultConnection.java:149)
	at org.gradle.tooling.internal.consumer.connection.CancellableModelBuilderBackedModelProducer.produceModel(CancellableModelBuilderBackedModelProducer.java:54)
	at org.gradle.tooling.internal.consumer.connection.PluginClasspathInjectionSupportedCheckModelProducer.produceModel(PluginClasspathInjectionSupportedCheckModelProducer.java:38)
	at org.gradle.tooling.internal.consumer.connection.AbstractConsumerConnection.run(AbstractConsumerConnection.java:64)
	at org.gradle.tooling.internal.consumer.connection.ParameterValidatingConsumerConnection.run(ParameterValidatingConsumerConnection.java:49)
	at org.gradle.tooling.internal.consumer.DefaultBuildLauncher$1.run(DefaultBuildLauncher.java:97)
	at org.gradle.tooling.internal.consumer.DefaultBuildLauncher$1.run(DefaultBuildLauncher.java:89)
	at org.gradle.tooling.internal.consumer.connection.LazyConsumerActionExecutor.run(LazyConsumerActionExecutor.java:143)
	at org.gradle.tooling.internal.consumer.connection.CancellableConsumerActionExecutor.run(CancellableConsumerActionExecutor.java:45)
	at org.gradle.tooling.internal.consumer.connection.ProgressLoggingConsumerActionExecutor.run(ProgressLoggingConsumerActionExecutor.java:61)
	at org.gradle.tooling.internal.consumer.connection.RethrowingErrorsConsumerActionExecutor.run(RethrowingErrorsConsumerActionExecutor.java:38)
	at org.gradle.tooling.internal.consumer.async.DefaultAsyncConsumerActionExecutor$1$1.run(DefaultAsyncConsumerActionExecutor.java:67)
	at org.gradle.internal.concurrent.ExecutorPolicy$CatchAndRecordFailures.onExecute(ExecutorPolicy.java:64)
	at org.gradle.internal.concurrent.ManagedExecutorImpl$1.run(ManagedExecutorImpl.java:48)
	at java.base/java.util.concurrent.ThreadPoolExecutor.runWorker(ThreadPoolExecutor.java:1136)
	at java.base/java.util.concurrent.ThreadPoolExecutor$Worker.run(ThreadPoolExecutor.java:635)
	at org.gradle.internal.concurrent.ThreadFactoryImpl$ManagedThreadRunnable.run(ThreadFactoryImpl.java:61)
	at java.base/java.lang.Thread.run(Thread.java:840)
Caused by: org.gradle.cli.CommandLineArgumentException: Unknown command-line option '-X'.
	at org.gradle.cli.CommandLineParser$BeforeFirstSubCommand.onStartOption(CommandLineParser.java:324)
	at org.gradle.cli.CommandLineParser.parse(CommandLineParser.java:128)
	at org.gradle.tooling.internal.provider.ProviderStartParameterConverter.toStartParameter(ProviderStartParameterConverter.java:77)
	... 19 more

* Results written to /home/REDACTED/projects/IntegraBoost/new/toolset/jvm/./gradle-profiler/results/1703945325
  /home/REDACTED/projects/IntegraBoost/new/toolset/jvm/./gradle-profiler/results/1703945325/benchmark.csv
  /home/REDACTED/projects/IntegraBoost/new/toolset/jvm/./gradle-profiler/results/1703945325/benchmark.html

